# JRE version: OpenJDK Runtime Environment Temurin-17.0.10+7 (17.0.10+7) (build 17.0.10+7)
# Java VM: OpenJDK 64-Bit Server VM Temurin-17.0.10+7 (17.0.10+7, mixed mode, emulated-client, tiered, compressed oops, compressed class ptrs, g1 gc, windows-amd64)
GC Precious Log:
 CPUs: 8 total, 8 available
 Memory: 6020M
 Large Page Support: Disabled
 NUMA Support: Disabled
 Compressed Oops: Enabled (32-bit)
 Heap Region Size: 1M
 Heap Min Capacity: 8M
 Heap Initial Capacity: 96M
 Heap Max Capacity: 1G
 Pre-touch: Disabled
 Parallel Workers: 8
 Concurrent Workers: 2
 Concurrent Refinement Workers: 8
 Periodic GC: Disabled
Heap:
 garbage-first heap   total 83968K, used 36162K [0x00000000c0000000, 0x0000000100000000)
  region size 1024K, 1 young (1024K), 0 survivors (0K)
 Metaspace       used 58066K, committed 58496K, reserved 1114112K
  class space    used 7186K, committed 7424K, reserved 1048576K
GC Heap History (20 events):
Event: 15123.754 GC heap before
{Heap before GC invocations=875 (full 859):
 garbage-first heap   total 83968K, used 36162K [0x00000000c0000000, 0x0000000100000000)
  region size 1024K, 1 young (1024K), 0 survivors (0K)
 Metaspace       used 58066K, committed 58496K, reserved 1114112K
  class space    used 7186K, committed 7424K, reserved 1048576K
}
Event: 15123.797 GC heap after
{Heap after GC invocations=876 (full 860):
 garbage-first heap   total 83968K, used 36162K [0x00000000c0000000, 0x0000000100000000)
  region size 1024K, 0 young (0K), 0 survivors (0K)
 Metaspace       used 58066K, committed 58496K, reserved 1114112K
  class space    used 7186K, committed 7424K, reserved 1048576K
}
Event: 15134.146 GC heap before
{Heap before GC invocations=876 (full 860):
 garbage-first heap   total 83968K, used 36162K [0x00000000c0000000, 0x0000000100000000)
  region size 1024K, 1 young (1024K), 0 survivors (0K)
 Metaspace       used 58066K, committed 58496K, reserved 1114112K
  class space    used 7186K, committed 7424K, reserved 1048576K
}
Event: 15134.178 GC heap after
{Heap after GC invocations=877 (full 861):
 garbage-first heap   total 83968K, used 36162K [0x00000000c0000000, 0x0000000100000000)
  region size 1024K, 0 young (0K), 0 survivors (0K)
 Metaspace       used 58066K, committed 58496K, reserved 1114112K
  class space    used 7186K, committed 7424K, reserved 1048576K
}
Event: 15144.499 GC heap before
{Heap before GC invocations=877 (full 861):
 garbage-first heap   total 83968K, used 36162K [0x00000000c0000000, 0x0000000100000000)
  region size 1024K, 1 young (1024K), 0 survivors (0K)
 Metaspace       used 58066K, committed 58496K, reserved 1114112K
  class space    used 7186K, committed 7424K, reserved 1048576K
}
Event: 15144.546 GC heap after
{Heap after GC invocations=878 (full 862):
 garbage-first heap   total 83968K, used 36162K [0x00000000c0000000, 0x0000000100000000)
  region size 1024K, 0 young (0K), 0 survivors (0K)
 Metaspace       used 58066K, committed 58496K, reserved 1114112K
  class space    used 7186K, committed 7424K, reserved 1048576K
}
Event: 15154.857 GC heap before
{Heap before GC invocations=878 (full 862):
 garbage-first heap   total 83968K, used 36162K [0x00000000c0000000, 0x0000000100000000)
  region size 1024K, 1 young (1024K), 0 survivors (0K)
 Metaspace       used 58066K, committed 58496K, reserved 1114112K
  class space    used 7186K, committed 7424K, reserved 1048576K
}
Event: 15154.896 GC heap after
{Heap after GC invocations=879 (full 863):
 garbage-first heap   total 83968K, used 36162K [0x00000000c0000000, 0x0000000100000000)
  region size 1024K, 0 young (0K), 0 survivors (0K)
 Metaspace       used 58066K, committed 58496K, reserved 1114112K
  class space    used 7186K, committed 7424K, reserved 1048576K
}
Event: 15167.918 GC heap before
{Heap before GC invocations=879 (full 863):
 garbage-first heap   total 83968K, used 36162K [0x00000000c0000000, 0x0000000100000000)
  region size 1024K, 1 young (1024K), 0 survivors (0K)
 Metaspace       used 58066K, committed 58496K, reserved 1114112K
  class space    used 7186K, committed 7424K, reserved 1048576K
}
Event: 15167.962 GC heap after
{Heap after GC invocations=880 (full 864):
 garbage-first heap   total 83968K, used 36162K [0x00000000c0000000, 0x0000000100000000)
  region size 1024K, 0 young (0K), 0 survivors (0K)
 Metaspace       used 58066K, committed 58496K, reserved 1114112K
  class space    used 7186K, committed 7424K, reserved 1048576K
}
Event: 15179.243 GC heap before
{Heap before GC invocations=880 (full 864):
 garbage-first heap   total 83968K, used 36162K [0x00000000c0000000, 0x0000000100000000)
  region size 1024K, 1 young (1024K), 0 survivors (0K)
 Metaspace       used 58066K, committed 58496K, reserved 1114112K
  class space    used 7186K, committed 7424K, reserved 1048576K
}
Event: 15179.280 GC heap after
{Heap after GC invocations=881 (full 865):
 garbage-first heap   total 83968K, used 36162K [0x00000000c0000000, 0x0000000100000000)
  region size 1024K, 0 young (0K), 0 survivors (0K)
 Metaspace       used 58066K, committed 58496K, reserved 1114112K
  class space    used 7186K, committed 7424K, reserved 1048576K
}
Event: 15189.693 GC heap before
{Heap before GC invocations=881 (full 865):
 garbage-first heap   total 83968K, used 36162K [0x00000000c0000000, 0x0000000100000000)
  region size 1024K, 1 young (1024K), 0 survivors (0K)
 Metaspace       used 58066K, committed 58496K, reserved 1114112K
  class space    used 7186K, committed 7424K, reserved 1048576K
}
Event: 15189.742 GC heap after
{Heap after GC invocations=882 (full 866):
 garbage-first heap   total 83968K, used 36162K [0x00000000c0000000, 0x0000000100000000)
  region size 1024K, 0 young (0K), 0 survivors (0K)
 Metaspace       used 58066K, committed 58496K, reserved 1114112K
  class space    used 7186K, committed 7424K, reserved 1048576K
}
Event: 15200.133 GC heap before
{Heap before GC invocations=882 (full 866):
 garbage-first heap   total 83968K, used 36162K [0x00000000c0000000, 0x0000000100000000)
  region size 1024K, 1 young (1024K), 0 survivors (0K)
 Metaspace       used 58066K, committed 58496K, reserved 1114112K
  class space    used 7186K, committed 7424K, reserved 1048576K
}
Event: 15200.178 GC heap after
{Heap after GC invocations=883 (full 867):
 garbage-first heap   total 83968K, used 36162K [0x00000000c0000000, 0x0000000100000000)
  region size 1024K, 0 young (0K), 0 survivors (0K)
 Metaspace       used 58066K, committed 58496K, reserved 1114112K
  class space    used 7186K, committed 7424K, reserved 1048576K
}
Event: 15211.011 GC heap before
{Heap before GC invocations=883 (full 867):
 garbage-first heap   total 83968K, used 36162K [0x00000000c0000000, 0x0000000100000000)
  region size 1024K, 1 young (1024K), 0 survivors (0K)
 Metaspace       used 58066K, committed 58496K, reserved 1114112K
  class space    used 7186K, committed 7424K, reserved 1048576K
}
Event: 15211.059 GC heap after
{Heap after GC invocations=884 (full 868):
 garbage-first heap   total 83968K, used 36162K [0x00000000c0000000, 0x0000000100000000)
  region size 1024K, 0 young (0K), 0 survivors (0K)
 Metaspace       used 58066K, committed 58496K, reserved 1114112K
  class space    used 7186K, committed 7424K, reserved 1048576K
}
Event: 15221.371 GC heap before
{Heap before GC invocations=884 (full 868):
 garbage-first heap   total 83968K, used 36162K [0x00000000c0000000, 0x0000000100000000)
  region size 1024K, 1 young (1024K), 0 survivors (0K)
 Metaspace       used 58066K, committed 58496K, reserved 1114112K
  class space    used 7186K, committed 7424K, reserved 1048576K
}
Event: 15221.413 GC heap after
{Heap after GC invocations=885 (full 869):
 garbage-first heap   total 83968K, used 36162K [0x00000000c0000000, 0x0000000100000000)
  region size 1024K, 0 young (0K), 0 survivors (0K)
 Metaspace       used 58066K, committed 58496K, reserved 1114112K
  class space    used 7186K, committed 7424K, reserved 1048576K
}

