# JRE version: Java(TM) SE Runtime Environment (21.0+35) (build 21+35-LTS-2513)
# Java VM: Java HotSpot(TM) 64-Bit Server VM (21+35-LTS-2513, mixed mode, sharing, tiered, compressed oops, compressed class ptrs, g1 gc, windows-amd64)
GC Precious Log:
 CardTable entry size: 512
 Card Set container configuration: InlinePtr #cards 5 size 8 Array Of Cards #cards 12 size 40 Howl #buckets 4 coarsen threshold 1843 Howl Bitmap #cards 512 size 80 coarsen threshold 460 Card regions per heap region 1 cards per card region 2048
 CPUs: 8 total, 8 available
 Memory: 6020M
 Large Page Support: Disabled
 NUMA Support: Disabled
 Compressed Oops: Enabled (32-bit)
 Heap Region Size: 1M
 Heap Min Capacity: 8M
 Heap Initial Capacity: 96M
 Heap Max Capacity: 1506M
 Pre-touch: Disabled
 Parallel Workers: 8
 Concurrent Workers: 2
 Concurrent Refinement Workers: 8
 Periodic GC: Disabled
Heap:
 garbage-first heap   total 98304K, used 40147K [0x00000000a1e00000, 0x0000000100000000)
  region size 1024K, 36 young (36864K), 8 survivors (8192K)
 Metaspace       used 16375K, committed 16640K, reserved 1114112K
  class space    used 1869K, committed 1984K, reserved 1048576K
GC Heap History (6 events):
Event: 2.921 GC heap before
{Heap before GC invocations=0 (full 0):
 garbage-first heap   total 98304K, used 23552K [0x00000000a1e00000, 0x0000000100000000)
  region size 1024K, 23 young (23552K), 0 survivors (0K)
 Metaspace       used 5830K, committed 6016K, reserved 1114112K
  class space    used 673K, committed 768K, reserved 1048576K
}
Event: 3.121 GC heap after
{Heap after GC invocations=1 (full 0):
 garbage-first heap   total 98304K, used 3856K [0x00000000a1e00000, 0x0000000100000000)
  region size 1024K, 3 young (3072K), 3 survivors (3072K)
 Metaspace       used 5830K, committed 6016K, reserved 1114112K
  class space    used 673K, committed 768K, reserved 1048576K
}
Event: 4.961 GC heap before
{Heap before GC invocations=1 (full 0):
 garbage-first heap   total 98304K, used 28432K [0x00000000a1e00000, 0x0000000100000000)
  region size 1024K, 27 young (27648K), 3 survivors (3072K)
 Metaspace       used 9457K, committed 9664K, reserved 1114112K
  class space    used 1114K, committed 1216K, reserved 1048576K
}
Event: 4.977 GC heap after
{Heap after GC invocations=2 (full 0):
 garbage-first heap   total 98304K, used 5475K [0x00000000a1e00000, 0x0000000100000000)
  region size 1024K, 2 young (2048K), 2 survivors (2048K)
 Metaspace       used 9457K, committed 9664K, reserved 1114112K
  class space    used 1114K, committed 1216K, reserved 1048576K
}
Event: 9.024 GC heap before
{Heap before GC invocations=2 (full 0):
 garbage-first heap   total 98304K, used 60771K [0x00000000a1e00000, 0x0000000100000000)
  region size 1024K, 57 young (58368K), 2 survivors (2048K)
 Metaspace       used 16105K, committed 16384K, reserved 1114112K
  class space    used 1868K, committed 1984K, reserved 1048576K
}
Event: 9.051 GC heap after
{Heap after GC invocations=3 (full 0):
 garbage-first heap   total 98304K, used 12499K [0x00000000a1e00000, 0x0000000100000000)
  region size 1024K, 8 young (8192K), 8 survivors (8192K)
 Metaspace       used 16105K, committed 16384K, reserved 1114112K
  class space    used 1868K, committed 1984K, reserved 1048576K
}

